<?xml version="1.0" encoding="UTF-8"?>
<!-- Generated by org.testng.reporters.JUnitReportReporter -->
<testsuite skipped="0" hostname="Sowbhas-iMac.local" name="com.wordpress.base.TestBaseParallel" tests="2" failures="0" timestamp="28 May 2019 11:57:06 GMT" time="15.368" errors="0">
  <testcase name="abc" time="8.097" classname="com.wordpress.base.TestBaseParallel"/>
  <testcase name="abc" time="7.271" classname="com.wordpress.base.TestBaseParallel"/>
</testsuite> <!-- com.wordpress.base.TestBaseParallel -->
